[debug] [2019-01-18T23:19:30.689Z] ----------------------------------------------------------------------
[debug] [2019-01-18T23:19:30.693Z] Command:       /usr/local/bin/node /usr/local/bin/firebase init
[debug] [2019-01-18T23:19:30.694Z] CLI Version:   6.3.0
[debug] [2019-01-18T23:19:30.694Z] Platform:      darwin
[debug] [2019-01-18T23:19:30.694Z] Node Version:  v10.13.0
[debug] [2019-01-18T23:19:30.700Z] Time:          Fri Jan 18 2019 15:19:30 GMT-0800 (Pacific Standard Time)
[debug] [2019-01-18T23:19:30.700Z] ----------------------------------------------------------------------
[debug] 
[debug] [2019-01-18T23:19:30.715Z] > command requires scopes: ["email","openid","https://www.googleapis.com/auth/cloudplatformprojects.readonly","https://www.googleapis.com/auth/firebase","https://www.googleapis.com/auth/cloud-platform"]
[debug] [2019-01-18T23:19:30.716Z] > authorizing via signed-in user
[info] 
     ######## #### ########  ######## ########     ###     ######  ########
     ##        ##  ##     ## ##       ##     ##  ##   ##  ##       ##
     ######    ##  ########  ######   ########  #########  ######  ######
     ##        ##  ##    ##  ##       ##     ## ##     ##       ## ##
     ##       #### ##     ## ######## ########  ##     ##  ######  ########

You're about to initialize a Firebase project in this directory:

  /Users/ashwinigiri/Documents/INF551/project/Website

[info] 
=== Project Setup
[info] 
[info] First, let's associate this project directory with a Firebase project.
[info] You can create multiple project aliases by running firebase use --add, 
[info] but for now we'll just set up a default project.
[info] 
[debug] [2019-01-18T23:20:44.326Z] > refreshing access token with scopes: ["email","https://www.googleapis.com/auth/cloud-platform","https://www.googleapis.com/auth/cloudplatformprojects.readonly","https://www.googleapis.com/auth/firebase","openid"]
[debug] [2019-01-18T23:20:44.326Z] >>> HTTP REQUEST POST https://www.googleapis.com/oauth2/v3/token  
 <request body omitted>
[debug] [2019-01-18T23:20:44.588Z] <<< HTTP RESPONSE 200
[debug] [2019-01-18T23:20:44.611Z] >>> HTTP REQUEST GET https://firebase.googleapis.com/v1beta1/projects?page_size=100  
 
[debug] [2019-01-18T23:20:45.314Z] <<< HTTP RESPONSE 200
[info] i  Using project inf551-8d68c (INF551)
[info] 
=== Hosting Setup
[info] 
[info] Your public directory is the folder (relative to your project directory) that
[info] will contain Hosting assets to be uploaded with firebase deploy. If you
[info] have a build process for your assets, use your build's output directory.
[info] 
[info] ✔  Wrote public/404.html
[debug] [2019-01-18T23:22:24.371Z] >>> HTTP REQUEST GET https://www.gstatic.com/firebasejs/releases.json  
 
[debug] [2019-01-18T23:22:24.493Z] <<< HTTP RESPONSE 200
